<?xml version="1.0" encoding="UTF-8"?>
<!-- Generated by org.testng.reporters.JUnitReportReporter -->
<testsuite hostname="DESKTOP-24NBDVL" failures="0" tests="3" name="com.tutorialsNinjaTestcases.SearchTest" time="10.804" errors="0" timestamp="2023-02-11T17:39:26 IST" skipped="0">
  <testcase classname="com.tutorialsNinjaTestcases.SearchTest" name="VerifySearchWithValidProduct" time="3.566"/>
  <system-out/>
  <testcase classname="com.tutorialsNinjaTestcases.SearchTest" name="VerifySearchWithInvalidproduct" time="3.591"/>
  <system-out/>
  <testcase classname="com.tutorialsNinjaTestcases.SearchTest" name="VerifySearchWithoutAnyProduct" time="3.647"/>
  <system-out/>
</testsuite> <!-- com.tutorialsNinjaTestcases.SearchTest -->
