<?xml version="1.0" encoding="UTF-8"?>
<!-- Generated by org.testng.reporters.JUnitReportReporter -->
<testsuite hostname="DESKTOP-24NBDVL" failures="0" tests="5" name="com.tutorialsNinjaTestcases.RegisterTest" time="30.855" errors="0" timestamp="2023-02-11T17:39:26 IST" skipped="0">
  <testcase classname="com.tutorialsNinjaTestcases.RegisterTest" name="RegisterwithMandotoryFields" time="5.805"/>
  <system-out/>
  <testcase classname="com.tutorialsNinjaTestcases.RegisterTest" name="RegisterWithAllTheFields" time="5.615"/>
  <system-out/>
  <testcase classname="com.tutorialsNinjaTestcases.RegisterTest" name="RegisterWithDuplicateEmailAdress" time="8.593"/>
  <system-out/>
  <testcase classname="com.tutorialsNinjaTestcases.RegisterTest" name="RegisterWithoutCredentials" time="5.348"/>
  <system-out/>
  <testcase classname="com.tutorialsNinjaTestcases.RegisterTest" name="VerifyRegisteringWithYesOption" time="5.494"/>
  <system-out/>
</testsuite> <!-- com.tutorialsNinjaTestcases.RegisterTest -->
